Flow report for cam
Mon Oct 27 23:53:16 2025
Quartus Prime Version 24.1std.0 Build 1077 03/04/2025 SC Lite Edition


---------------------
; Table of Contents ;
---------------------
  1. Legal Notice
  2. Flow Summary
  3. Flow Settings
  4. Flow Non-Default Global Settings
  5. Flow Elapsed Time
  6. Flow OS Summary
  7. Flow Log
  8. Flow Messages
  9. Flow Suppressed Messages



----------------
; Legal Notice ;
----------------
Copyright (C) 2025  Altera Corporation. All rights reserved.
Your use of Altera Corporation's design tools, logic functions 
and other software and tools, and any partner logic 
functions, and any output files from any of the foregoing 
(including device programming or simulation files), and any 
associated documentation or information are expressly subject 
to the terms and conditions of the Altera Program License 
Subscription Agreement, the Altera Quartus Prime License Agreement,
the Altera IP License Agreement, or other applicable license
agreement, including, without limitation, that your use is for
the sole purpose of programming logic devices manufactured by
Altera and sold by Altera or its authorized distributors.  Please
refer to the Altera Software License Subscription Agreements 
on the Quartus Prime software download page.



+--------------------------------------------------------------------------------------+
; Flow Summary                                                                         ;
+------------------------------------+-------------------------------------------------+
; Flow Status                        ; Successful - Mon Oct 27 23:53:16 2025           ;
; Quartus Prime Version              ; 24.1std.0 Build 1077 03/04/2025 SC Lite Edition ;
; Revision Name                      ; cam                                             ;
; Top-level Entity Name              ; digital_cam_top                                 ;
; Family                             ; Cyclone IV E                                    ;
; Device                             ; EP4CE115F29C7                                   ;
; Timing Models                      ; Final                                           ;
; Total logic elements               ; 63,217 / 114,480 ( 55 % )                       ;
;     Total combinational functions  ; 39,015 / 114,480 ( 34 % )                       ;
;     Dedicated logic registers      ; 49,819 / 114,480 ( 44 % )                       ;
; Total registers                    ; 49819                                           ;
; Total pins                         ; 49 / 529 ( 9 % )                                ;
; Total virtual pins                 ; 0                                               ;
; Total memory bits                  ; 1,929,252 / 3,981,312 ( 48 % )                  ;
; Embedded Multiplier 9-bit elements ; 0 / 532 ( 0 % )                                 ;
; Total PLLs                         ; 1 / 4 ( 25 % )                                  ;
+------------------------------------+-------------------------------------------------+


+-----------------------------------------+
; Flow Settings                           ;
+-------------------+---------------------+
; Option            ; Setting             ;
+-------------------+---------------------+
; Start date & time ; 10/27/2025 23:45:00 ;
; Main task         ; Compilation         ;
; Revision Name     ; cam                 ;
+-------------------+---------------------+


+-----------------------------------------------------------------------------------------------------------------------------------------------------+
; Flow Non-Default Global Settings                                                                                                                    ;
+--------------------------------------+----------------------------------------+---------------+-----------------+-----------------------------------+
; Assignment Name                      ; Value                                  ; Default Value ; Entity Name     ; Section Id                        ;
+--------------------------------------+----------------------------------------+---------------+-----------------+-----------------------------------+
; COMPILER_SIGNATURE_ID                ; 55998325866835.176157630010016         ; --            ; --              ; --                                ;
; EDA_GENERATE_FUNCTIONAL_NETLIST      ; Off                                    ; --            ; --              ; eda_board_design_timing           ;
; EDA_GENERATE_FUNCTIONAL_NETLIST      ; Off                                    ; --            ; --              ; eda_board_design_boundary_scan    ;
; EDA_GENERATE_FUNCTIONAL_NETLIST      ; Off                                    ; --            ; --              ; eda_board_design_signal_integrity ;
; EDA_GENERATE_FUNCTIONAL_NETLIST      ; Off                                    ; --            ; --              ; eda_board_design_symbol           ;
; EDA_OUTPUT_DATA_FORMAT               ; Verilog Hdl                            ; --            ; --              ; eda_simulation                    ;
; EDA_SIMULATION_TOOL                  ; Questa Intel FPGA (Verilog)            ; <None>        ; --              ; --                                ;
; EDA_TIME_SCALE                       ; 1 ps                                   ; --            ; --              ; eda_simulation                    ;
; MAX_CORE_JUNCTION_TEMP               ; 85                                     ; --            ; --              ; --                                ;
; MIN_CORE_JUNCTION_TEMP               ; 0                                      ; --            ; --              ; --                                ;
; MISC_FILE                            ; my_altpll_bb.v                         ; --            ; --              ; --                                ;
; MISC_FILE                            ; my_altpll.ppf                          ; --            ; --              ; --                                ;
; MISC_FILE                            ; frame_buffer_ram_bb.v                  ; --            ; --              ; --                                ;
; MISC_FILE                            ; frame_buffer_ram_11k_bb.v              ; --            ; --              ; --                                ;
; NOMINAL_CORE_SUPPLY_VOLTAGE          ; 1.2V                                   ; --            ; --              ; --                                ;
; NUM_PARALLEL_PROCESSORS              ; 10                                     ; --            ; --              ; --                                ;
; PARTITION_COLOR                      ; -- (Not supported for targeted family) ; --            ; digital_cam_top ; Top                               ;
; PARTITION_FITTER_PRESERVATION_LEVEL  ; -- (Not supported for targeted family) ; --            ; digital_cam_top ; Top                               ;
; PARTITION_NETLIST_TYPE               ; -- (Not supported for targeted family) ; --            ; digital_cam_top ; Top                               ;
; POWER_BOARD_THERMAL_MODEL            ; None (CONSERVATIVE)                    ; --            ; --              ; --                                ;
; POWER_PRESET_COOLING_SOLUTION        ; 23 MM HEAT SINK WITH 200 LFPM AIRFLOW  ; --            ; --              ; --                                ;
; PROJECT_OUTPUT_DIRECTORY             ; output_files                           ; --            ; --              ; --                                ;
; SMART_RECOMPILE                      ; On                                     ; Off           ; --              ; --                                ;
; TIMING_ANALYZER_MULTICORNER_ANALYSIS ; Off                                    ; On            ; --              ; --                                ;
; TOP_LEVEL_ENTITY                     ; digital_cam_top                        ; cam           ; --              ; --                                ;
+--------------------------------------+----------------------------------------+---------------+-----------------+-----------------------------------+


+--------------------------------------------------------------------------------------------------------------------------+
; Flow Elapsed Time                                                                                                        ;
+----------------------+--------------+-------------------------+---------------------+------------------------------------+
; Module Name          ; Elapsed Time ; Average Processors Used ; Peak Virtual Memory ; Total CPU Time (on all processors) ;
+----------------------+--------------+-------------------------+---------------------+------------------------------------+
; Analysis & Synthesis ; 00:01:25     ; 1.0                     ; 5443 MB             ; 00:01:32                           ;
; Fitter               ; 00:06:09     ; 1.4                     ; 7260 MB             ; 00:15:04                           ;
; Assembler            ; 00:00:05     ; 1.0                     ; 5228 MB             ; 00:00:05                           ;
; Timing Analyzer      ; 00:00:12     ; 2.2                     ; 5726 MB             ; 00:00:20                           ;
; EDA Netlist Writer   ; 00:00:07     ; 1.0                     ; 5077 MB             ; 00:00:08                           ;
; Total                ; 00:07:58     ; --                      ; --                  ; 00:17:09                           ;
+----------------------+--------------+-------------------------+---------------------+------------------------------------+


+------------------------------------------------------------------------------------+
; Flow OS Summary                                                                    ;
+----------------------+------------------+------------+------------+----------------+
; Module Name          ; Machine Hostname ; OS Name    ; OS Version ; Processor type ;
+----------------------+------------------+------------+------------+----------------+
; Analysis & Synthesis ; hyeok            ; Windows 10 ; 10.0       ; x86_64         ;
; Fitter               ; hyeok            ; Windows 10 ; 10.0       ; x86_64         ;
; Assembler            ; hyeok            ; Windows 10 ; 10.0       ; x86_64         ;
; Timing Analyzer      ; hyeok            ; Windows 10 ; 10.0       ; x86_64         ;
; EDA Netlist Writer   ; hyeok            ; Windows 10 ; 10.0       ; x86_64         ;
+----------------------+------------------+------------+------------+----------------+


------------
; Flow Log ;
------------
quartus_map --read_settings_files=on --write_settings_files=off cam -c cam
quartus_fit --read_settings_files=off --write_settings_files=off cam -c cam
quartus_asm --read_settings_files=off --write_settings_files=off cam -c cam
quartus_sta cam -c cam
quartus_eda --read_settings_files=off --write_settings_files=off cam -c cam



